<?xml version="1.0" encoding="UTF-8"?>
<!-- Generated by org.testng.reporters.JUnitXMLReporter -->
<testsuite ignored="0" hostname="ATMECSBLRLT-036" failures="1" tests="1" name="SampleTest" time="0.128" errors="0" timestamp="13 Nov 2020 08:30:09 GMT">
  <testcase classname="com.falcon.training.test.testscript.SampleTestScript" name="sampleTest" time="0.0">
    <failure type="org.testng.TestNGException" message="
Parameter &amp;apos;os&amp;apos; is required by @Test on method sampleTest but has not been marked @Optional or defined
in D:\API Testing\test\src\main\resources\suitefile\googlesearch.xml">
      <![CDATA[org.testng.TestNGException: 
Parameter 'os' is required by @Test on method sampleTest but has not been marked @Optional or defined
in D:\API Testing\test\src\main\resources\suitefile\googlesearch.xml
... Removed 25 stack frames]]>
    </failure>
  </testcase> <!-- sampleTest -->
</testsuite> <!-- SampleTest -->
